{"/home/eromanini/repo/tests/vite-tailwind/src/App.tsx": {"path":"/home/eromanini/repo/tests/vite-tailwind/src/App.tsx","statementMap":{"0":{"start":{"line":3,"column":22},"end":{"line":5,"column":1}},"1":{"start":{"line":4,"column":2},"end":{"line":4,"column":58}}},"fnMap":{"0":{"name":"(anonymous_0)","decl":{"start":{"line":3,"column":22},"end":{"line":3,"column":23}},"loc":{"start":{"line":3,"column":28},"end":{"line":5,"column":1}},"line":3}},"branchMap":{},"s":{"0":1,"1":1},"f":{"0":1},"b":{},"_coverageSchema":"1a1c01bbd47fc00a2c39e90264f33305004495a9","hash":"7a243c759528b98dcda00ec14f4eb8b960b1622b"}
,"/home/eromanini/repo/tests/vite-tailwind/src/services/sumCalc.ts": {"path":"/home/eromanini/repo/tests/vite-tailwind/src/services/sumCalc.ts","statementMap":{"0":{"start":{"line":1,"column":23},"end":{"line":2,"column":19}},"1":{"start":{"line":2,"column":2},"end":{"line":2,"column":19}}},"fnMap":{"0":{"name":"(anonymous_0)","decl":{"start":{"line":1,"column":23},"end":{"line":1,"column":24}},"loc":{"start":{"line":2,"column":2},"end":{"line":2,"column":19}},"line":2}},"branchMap":{},"s":{"0":1,"1":1},"f":{"0":1},"b":{},"_coverageSchema":"1a1c01bbd47fc00a2c39e90264f33305004495a9","hash":"e6d610aa9650df73f39c5faae277ec4468ca5dd7"}
}
